0 info it worked if it ends with ok
1 verbose cli [ 'C:\\Program Files\\nodejs\\node.exe',
1 verbose cli   'C:\\Program Files\\nodejs\\node_modules\\npm\\bin\\npm-cli.js',
1 verbose cli   'run',
1 verbose cli   'watch-css' ]
2 info using npm@3.10.10
3 info using node@v6.10.0
4 verbose run-script [ 'prewatch-css', 'watch-css', 'postwatch-css' ]
5 info lifecycle sass@1.0.0~prewatch-css: sass@1.0.0
6 silly lifecycle sass@1.0.0~prewatch-css: no script for prewatch-css, continuing
7 info lifecycle sass@1.0.0~watch-css: sass@1.0.0
8 verbose lifecycle sass@1.0.0~watch-css: unsafe-perm in lifecycle true
9 verbose lifecycle sass@1.0.0~watch-css: PATH: C:\Program Files\nodejs\node_modules\npm\bin\node-gyp-bin;E:\SGprojects\sass\node_modules\.bin;C:\Windows\system32;C:\Windows;C:\Windows\System32\Wbem;C:\Windows\System32\WindowsPowerShell\v1.0\;C:\Program Files\nodejs\;C:\Program Files\Git\cmd;C:\Users\User\AppData\Local\Microsoft\WindowsApps;C:\Users\User\AppData\Roaming\npm
10 verbose lifecycle sass@1.0.0~watch-css: CWD: E:\SGprojects\sass
11 silly lifecycle sass@1.0.0~watch-css: Args: [ '/d /s /c', 'nodemon --watch src server.js' ]
12 silly lifecycle sass@1.0.0~watch-css: Returned: code: 1  signal: null
13 info lifecycle sass@1.0.0~watch-css: Failed to exec watch-css script
14 verbose stack Error: sass@1.0.0 watch-css: `nodemon --watch src server.js`
14 verbose stack Exit status 1
14 verbose stack     at EventEmitter.<anonymous> (C:\Program Files\nodejs\node_modules\npm\lib\utils\lifecycle.js:255:16)
14 verbose stack     at emitTwo (events.js:106:13)
14 verbose stack     at EventEmitter.emit (events.js:191:7)
14 verbose stack     at ChildProcess.<anonymous> (C:\Program Files\nodejs\node_modules\npm\lib\utils\spawn.js:40:14)
14 verbose stack     at emitTwo (events.js:106:13)
14 verbose stack     at ChildProcess.emit (events.js:191:7)
14 verbose stack     at maybeClose (internal/child_process.js:877:16)
14 verbose stack     at Process.ChildProcess._handle.onexit (internal/child_process.js:226:5)
15 verbose pkgid sass@1.0.0
16 verbose cwd E:\SGprojects\sass
17 error Windows_NT 10.0.14393
18 error argv "C:\\Program Files\\nodejs\\node.exe" "C:\\Program Files\\nodejs\\node_modules\\npm\\bin\\npm-cli.js" "run" "watch-css"
19 error node v6.10.0
20 error npm  v3.10.10
21 error code ELIFECYCLE
22 error sass@1.0.0 watch-css: `nodemon --watch src server.js`
22 error Exit status 1
23 error Failed at the sass@1.0.0 watch-css script 'nodemon --watch src server.js'.
23 error Make sure you have the latest version of node.js and npm installed.
23 error If you do, this is most likely a problem with the sass package,
23 error not with npm itself.
23 error Tell the author that this fails on your system:
23 error     nodemon --watch src server.js
23 error You can get information on how to open an issue for this project with:
23 error     npm bugs sass
23 error Or if that isn't available, you can get their info via:
23 error     npm owner ls sass
23 error There is likely additional logging output above.
24 verbose exit [ 1, true ]
